app/build/intermediates/manifest_merge_blame_file/debug/manifest-merger-blame-debug-report.txt
1<?xml version="1.0" encoding="utf-8"?>
2<manifest xmlns:android="http://schemas.android.com/apk/res/android"
3    package="com.tugas.riszhan.github"
4    android:versionCode="1"
5    android:versionName="1.0" >
6
7    <uses-sdk
8        android:minSdkVersion="15"
8-->src\main\AndroidManifest.xml
9        android:targetSdkVersion="29" />
9-->src\main\AndroidManifest.xml
10
11    <uses-permission android:name="android.permission.INTERNET" />
11-->src\main\AndroidManifest.xml:6:5-67
11-->src\main\AndroidManifest.xml:6:22-64
12
13    <application
13-->src\main\AndroidManifest.xml:8:5-22:19
14        android:allowBackup="true"
14-->src\main\AndroidManifest.xml:9:9-35
15        android:appComponentFactory="androidx.core.app.CoreComponentFactory"
15-->[androidx.core:core:1.3.2] AndroidManifest.xml:24:18-86
16        android:debuggable="true"
17        android:label="GithubUser"
17-->src\main\AndroidManifest.xml:10:9-35
18        android:supportsRtl="true"
18-->src\main\AndroidManifest.xml:11:9-35
19        android:theme="@style/AppTheme"
19-->src\main\AndroidManifest.xml:12:9-40
20        android:usesCleartextTraffic="true" >
20-->src\main\AndroidManifest.xml:13:9-44
21        <activity android:name="com.tugas.riszhan.github.view.MainActivity" >
21-->src\main\AndroidManifest.xml:15:9-21:20
21-->src\main\AndroidManifest.xml:15:19-52
22            <intent-filter>
22-->src\main\AndroidManifest.xml:16:13-20:29
23                <action android:name="android.intent.action.MAIN" />
23-->src\main\AndroidManifest.xml:17:17-69
23-->src\main\AndroidManifest.xml:17:25-66
24
25                <category android:name="android.intent.category.LAUNCHER" />
25-->src\main\AndroidManifest.xml:19:17-77
25-->src\main\AndroidManifest.xml:19:27-74
26            </intent-filter>
27        </activity>
28
29        <provider
29-->[androidx.lifecycle:lifecycle-process:2.2.0] AndroidManifest.xml:25:9-29:43
30            android:name="androidx.lifecycle.ProcessLifecycleOwnerInitializer"
30-->[androidx.lifecycle:lifecycle-process:2.2.0] AndroidManifest.xml:26:13-79
31            android:authorities="com.tugas.riszhan.github.lifecycle-process"
31-->[androidx.lifecycle:lifecycle-process:2.2.0] AndroidManifest.xml:27:13-69
32            android:exported="false"
32-->[androidx.lifecycle:lifecycle-process:2.2.0] AndroidManifest.xml:28:13-37
33            android:multiprocess="true" />
33-->[androidx.lifecycle:lifecycle-process:2.2.0] AndroidManifest.xml:29:13-40
34    </application>
35
36</manifest>